<?xml version="1.0" encoding="UTF-8"?>
<!-- Generated by org.testng.reporters.JUnitReportReporter -->
<testsuite hostname="Devashishs-MacBook-Pro.local" failures="0" tests="1" name="Tests_Patch" time="3.410" errors="0" timestamp="23 Jul 2020 12:51:06 GMT" skipped="0">
  <testcase classname="Tests_Patch" name="test_put" time="3.410"/>
</testsuite> <!-- Tests_Patch -->
