<?xml version="1.0" encoding="UTF-8"?>
<!-- Generated by org.testng.reporters.JUnitReportReporter -->
<testsuite hostname="Devashishs-MacBook-Pro.local" failures="0" tests="1" name="Tests_Put" time="3.704" errors="0" timestamp="23 Jul 2020 11:39:18 GMT" skipped="0">
  <testcase classname="Tests_Put" name="test02_put" time="3.704"/>
</testsuite> <!-- Tests_Put -->
