<?xml version="1.0" encoding="UTF-8"?>
<!-- Generated by org.testng.reporters.JUnitReportReporter -->
<testsuite hostname="Devashishs-MacBook-Pro.local" failures="0" tests="1" name="Tests_POST" time="3.772" errors="0" timestamp="23 Jul 2020 11:49:46 GMT" skipped="0">
  <testcase classname="Tests_POST" name="test02_post" time="3.772"/>
</testsuite> <!-- Tests_POST -->
