<?xml version="1.0" encoding="UTF-8"?>
<!-- Generated by org.testng.reporters.JUnitReportReporter -->
<testsuite hostname="Devashishs-MacBook-Pro.local" failures="0" tests="2" name="Test01_GET" time="6.244" errors="0" timestamp="23 Jul 2020 09:41:35 GMT" skipped="0">
  <testcase classname="Test01_GET" name="test_02" time="2.018"/>
  <testcase classname="Test01_GET" name="test_01" time="4.226"/>
</testsuite> <!-- Test01_GET -->
