<?xml version="1.0" encoding="UTF-8"?>
<!-- Generated by org.testng.reporters.JUnitReportReporter -->
<testsuite hostname="Devashishs-MacBook-Pro.local" failures="0" tests="1" name="Tests_Delete" time="3.691" errors="0" timestamp="23 Jul 2020 13:45:08 GMT" skipped="0">
  <testcase classname="Tests_Delete" name="test_delete" time="3.691"/>
</testsuite> <!-- Tests_Delete -->
